<?xml version="1.0" encoding="UTF-8"?>
<testng-results skipped="0" failed="1" ignored="0" total="6" passed="5">
  <reporter-output>
  </reporter-output>
  <suite name="suite" duration-ms="19635" started-at="2020-06-20T01:40:43Z" finished-at="2020-06-20T01:41:03Z">
    <groups>
    </groups>
    <test name="test" duration-ms="19635" started-at="2020-06-20T01:40:43Z" finished-at="2020-06-20T01:41:03Z">
      <class name="Karros_Test.SortFirstName">
        <test-method status="PASS" signature="sortname_descending()[pri:0, instance:Karros_Test.SortFirstName@646007f4]" name="sortname_descending" duration-ms="1292" started-at="2020-06-20T01:41:00Z" finished-at="2020-06-20T01:41:01Z">
          <reporter-output>
          </reporter-output>
        </test-method> <!-- sortname_descending -->
        <test-method status="PASS" signature="sortname_ascending()[pri:1, instance:Karros_Test.SortFirstName@646007f4]" name="sortname_ascending" duration-ms="1221" started-at="2020-06-20T01:41:01Z" finished-at="2020-06-20T01:41:03Z">
          <reporter-output>
          </reporter-output>
        </test-method> <!-- sortname_ascending -->
      </class> <!-- Karros_Test.SortFirstName -->
      <class name="Karros_Test.API_GetMethod">
        <test-method status="PASS" signature="VerifyResCode()[pri:0, instance:Karros_Test.API_GetMethod@481a15ff]" name="VerifyResCode" duration-ms="1809" started-at="2020-06-20T01:40:56Z" finished-at="2020-06-20T01:40:58Z">
          <reporter-output>
          </reporter-output>
        </test-method> <!-- VerifyResCode -->
        <test-method status="PASS" signature="VerifyId()[pri:0, instance:Karros_Test.API_GetMethod@481a15ff]" name="VerifyId" duration-ms="781" started-at="2020-06-20T01:40:58Z" depends-on-methods="Karros_Test.API_GetMethod.VerifyResCode" finished-at="2020-06-20T01:40:58Z">
          <reporter-output>
          </reporter-output>
        </test-method> <!-- VerifyId -->
      </class> <!-- Karros_Test.API_GetMethod -->
      <class name="Karros_Test.FilterInactive">
        <test-method status="PASS" signature="InvokeBrowser()[pri:0, instance:Karros_Test.FilterInactive@710726a3]" name="InvokeBrowser" is-config="true" duration-ms="6561" started-at="2020-06-20T01:40:43Z" finished-at="2020-06-20T01:40:50Z">
          <reporter-output>
          </reporter-output>
        </test-method> <!-- InvokeBrowser -->
        <test-method status="PASS" signature="Login()[pri:0, instance:Karros_Test.SortFirstName@646007f4]" name="Login" is-config="true" duration-ms="6098" started-at="2020-06-20T01:40:50Z" finished-at="2020-06-20T01:40:56Z">
          <reporter-output>
          </reporter-output>
        </test-method> <!-- Login -->
        <test-method status="PASS" signature="login()[pri:0, instance:Karros_Test.FilterInactive@710726a3]" name="login" duration-ms="307" started-at="2020-06-20T01:40:58Z" finished-at="2020-06-20T01:40:59Z">
          <reporter-output>
          </reporter-output>
        </test-method> <!-- login -->
        <test-method status="FAIL" signature="fillter_Inactive()[pri:0, instance:Karros_Test.FilterInactive@710726a3]" name="fillter_Inactive" duration-ms="1347" started-at="2020-06-20T01:40:59Z" depends-on-methods="Karros_Test.FilterInactive.login" finished-at="2020-06-20T01:41:00Z">
          <exception class="java.lang.AssertionError">
            <message>
              <![CDATA[expected [Inactive] but found [Approved]]]>
            </message>
            <full-stacktrace>
              <![CDATA[java.lang.AssertionError: expected [Inactive] but found [Approved]
at org.testng.Assert.fail(Assert.java:96)
at org.testng.Assert.failNotEquals(Assert.java:776)
at org.testng.Assert.assertEqualsImpl(Assert.java:137)
at org.testng.Assert.assertEquals(Assert.java:118)
at org.testng.Assert.assertEquals(Assert.java:453)
at org.testng.Assert.assertEquals(Assert.java:463)
at Karros_Test.FilterInactive.fillter_Inactive(FilterInactive.java:49)
at sun.reflect.NativeMethodAccessorImpl.invoke0(Native Method)
at sun.reflect.NativeMethodAccessorImpl.invoke(NativeMethodAccessorImpl.java:62)
at sun.reflect.DelegatingMethodAccessorImpl.invoke(DelegatingMethodAccessorImpl.java:43)
at java.lang.reflect.Method.invoke(Method.java:498)
at org.testng.internal.MethodInvocationHelper.invokeMethod(MethodInvocationHelper.java:124)
at org.testng.internal.Invoker.invokeMethod(Invoker.java:583)
at org.testng.internal.Invoker.invokeTestMethod(Invoker.java:719)
at org.testng.internal.Invoker.invokeTestMethods(Invoker.java:989)
at org.testng.internal.TestMethodWorker.invokeTestMethods(TestMethodWorker.java:125)
at org.testng.internal.TestMethodWorker.run(TestMethodWorker.java:109)
at org.testng.TestRunner.privateRun(TestRunner.java:648)
at org.testng.TestRunner.run(TestRunner.java:505)
at org.testng.SuiteRunner.runTest(SuiteRunner.java:455)
at org.testng.SuiteRunner.runSequentially(SuiteRunner.java:450)
at org.testng.SuiteRunner.privateRun(SuiteRunner.java:415)
at org.testng.SuiteRunner.run(SuiteRunner.java:364)
at org.testng.SuiteRunnerWorker.runSuite(SuiteRunnerWorker.java:52)
at org.testng.SuiteRunnerWorker.run(SuiteRunnerWorker.java:84)
at org.testng.TestNG.runSuitesSequentially(TestNG.java:1208)
at org.testng.TestNG.runSuitesLocally(TestNG.java:1137)
at org.testng.TestNG.runSuites(TestNG.java:1049)
at org.testng.TestNG.run(TestNG.java:1017)
at org.testng.remote.AbstractRemoteTestNG.run(AbstractRemoteTestNG.java:115)
at org.testng.remote.RemoteTestNG.initAndRun(RemoteTestNG.java:251)
at org.testng.remote.RemoteTestNG.main(RemoteTestNG.java:77)
]]>
            </full-stacktrace>
          </exception> <!-- java.lang.AssertionError -->
          <reporter-output>
          </reporter-output>
        </test-method> <!-- fillter_Inactive -->
        <test-method status="PASS" signature="TearDown()[pri:0, instance:Karros_Test.FilterInactive@710726a3]" name="TearDown" is-config="true" duration-ms="92" started-at="2020-06-20T01:41:03Z" finished-at="2020-06-20T01:41:03Z">
          <reporter-output>
          </reporter-output>
        </test-method> <!-- TearDown -->
        <test-method status="PASS" signature="TearDown()[pri:0, instance:Karros_Test.SortFirstName@646007f4]" name="TearDown" is-config="true" duration-ms="98" started-at="2020-06-20T01:41:03Z" finished-at="2020-06-20T01:41:03Z">
          <reporter-output>
          </reporter-output>
        </test-method> <!-- TearDown -->
      </class> <!-- Karros_Test.FilterInactive -->
    </test> <!-- test -->
  </suite> <!-- suite -->
</testng-results>
